1 10 20
100 200 125
201 210 89
900 1000 174
1 100000 351
100000 200000 383
200000 300000 443
250000 300000 407
300000 400000 441
350000 400000 436
400000 500000 449
450000 500000 444
500000 600000 470
600000 700000 509
700000 800000 504
800000 900000 525
900000 1000000 507
4420136 9487341 686
4629116 5366813 587
2517913 3554058 584
5890128 7328720 665
5463889 3206856 597
6174552 102047 613
2924724 1006838 560
6576304 401138 613
5383281 8637310 686
7974992 3838848 665
50422 2056871 557
7471854 931525 665
6219322 755012 613
1669801 4043365 597
5584804 8633161 686
7958573 3455305 665
5856637 8857233 686
6914983 6135827 665
9602758 789648 686
9521359 2446293 686
9692645 2440702 686
3468471 3552513 584
1535638 1170849 531
3614375 8137638 665
6635687 1636794 613
781233 6566676 613
1989032 2387019 560
2867984 3740156 597
5583182 5078517 582
2931305 9064573 686
4451201 4261331 548
4676155 7281140 665
7715477 6211324 665
4628683 6209966 613
2216661 6703106 665
6561550 203704 613
2025940 4533938 597
3888086 5622829 595
1004223 840918 507
682697 1725274 557
1092609 8734486 686
8891819 5016420 686
8547635 4089575 686
1149801 5260485 597
8961494 212255 686
9470298 979544 686
8643586 5484721 686
7373872 4158423 665
6999994 774254 665
5085027 1846750 597
1019917 7279414 665
4543418 1074891 597
109793 1892475 557
6707893 8711904 686
7661737 5571121 665
2600181 7176652 665
3847507 2007333 597
463990 8189544 665
4572349 1113647 597
1768202 4184036 597
5002822 3771584 587
8229385 991060 665
4328420 2135306 597
269170 2725971 560
1843911 5601279 597
4462887 6031962 613
5253965 2906863 597
7585949 6582526 665
4140081 1364237 597
5523758 6547411 613
3615644 4840028 597
9196699 2413725 686
8192435 8545553 686
4796281 1887580 597
1651887 2281194 557
1807685 3927079 597
4903910 1225134 597
1903344 5346252 597
4151502 3030155 597
2857259 1995646 560
1023806 2315545 560
5946095 6547674 608
8796116 1153601 686
4582428 4665901 574
9722486 9505117 606
1443726 9823542 686
3025578 9892609 686
9364610 6236641 686
3198920 8598311 686
7201015 6426640 665
4426594 220748 597
8519713 6909067 686
6755676 3142750 665
5373007 9069407 686
9119769 4413816 686
3202914 9663895 686
9132648 8941464 575
3944291 6993162 665
4842775 4818217 481
6442666 6790669 665
662260 8381735 665
1973634 1783757 521
7620463 5015619 665
2148751 8606296 686
4177211 3713335 597
8713192 4502814 686
2584332 7804237 665
2270541 7827497 665
8126728 3924004 665
3121301 1814476 563
556509 9524281 686
257951 4481400 597
1208192 3151750 563
6662083 5851193 665
1370652 4641140 597
7678015 3674643 665
2843364 1772678 560
3098587 4852985 597
5521458 9646582 686
1110379 6421087 613
9539072 474634 686
7243184 2397543 665
4595553 8771868 686
9199238 5766487 686
3420140 2004850 563
9664636 173932 686
9423090 5254871 686
9954313 439739 686
3507671 1041416 563
9345799 3566309 686
5848846 1057756 613
5712128 9346724 686
3844212 355299 597
1435855 1741916 557
7053201 8416152 686
778810 2148789 557
9388997 54331 686
3849970 3511004 597
6357786 6723155 665
3265461 1090340 563
4994986 3637026 597
6827603 9878828 686
6182776 489489 613
9010861 1210883 686
2911307 5027573 597
7960085 7672432 567
4625079 4275176 561
364608 3648878 584
2786071 6490275 613
7590323 5413571 665
8007849 2844725 665
3988536 6944562 665
9886147 2300987 686
6238976 8729009 686
938912 4365792 597
1453368 7391957 665
9861839 8704388 668
3809121 9414956 686
7060133 5672928 665
4634405 9123307 686
4509692 3768094 566
710324 7704372 665
8351701 857105 665
3929532 6786642 665
6924647 9219368 686
4961869 6966384 665
369586 7251582 665
8048999 4009412 665
9404515 605469 686
2219637 2471539 560
4884200 4501511 587
4819979 8357132 665
4670951 2838610 597
4365831 3604484 597
7297265 9026909 686
5764445 5300233 613
363145 4978891 597
9018456 977154 686
2517288 5205953 597
673767 9673424 686
1530710 4657840 597
5838972 4727430 613
7999105 2538108 665
